Determining if the pthread_create exist failed with the following output:
Change Dir: /home/csci545/lab2-team14-whatever-master/catkin_ws/build/usc545mcl/CMakeFiles/CMakeTmp

Run Build Command:"/usr/bin/make" "cmTC_375d6/fast"
/usr/bin/make -f CMakeFiles/cmTC_375d6.dir/build.make CMakeFiles/cmTC_375d6.dir/build
make[1]: Entering directory '/home/csci545/lab2-team14-whatever-master/catkin_ws/build/usc545mcl/CMakeFiles/CMakeTmp'
Building C object CMakeFiles/cmTC_375d6.dir/CheckSymbolExists.c.o
/usr/bin/cc     -o CMakeFiles/cmTC_375d6.dir/CheckSymbolExists.c.o   -c /home/csci545/lab2-team14-whatever-master/catkin_ws/build/usc545mcl/CMakeFiles/CMakeTmp/CheckSymbolExists.c
Linking C executable cmTC_375d6
/usr/bin/cmake -E cmake_link_script CMakeFiles/cmTC_375d6.dir/link.txt --verbose=1
/usr/bin/cc       CMakeFiles/cmTC_375d6.dir/CheckSymbolExists.c.o  -o cmTC_375d6 -rdynamic 
CMakeFiles/cmTC_375d6.dir/CheckSymbolExists.c.o: In function `main':
CheckSymbolExists.c:(.text+0x16): undefined reference to `pthread_create'
collect2: error: ld returned 1 exit status
CMakeFiles/cmTC_375d6.dir/build.make:97: recipe for target 'cmTC_375d6' failed
make[1]: *** [cmTC_375d6] Error 1
make[1]: Leaving directory '/home/csci545/lab2-team14-whatever-master/catkin_ws/build/usc545mcl/CMakeFiles/CMakeTmp'
Makefile:126: recipe for target 'cmTC_375d6/fast' failed
make: *** [cmTC_375d6/fast] Error 2

File /home/csci545/lab2-team14-whatever-master/catkin_ws/build/usc545mcl/CMakeFiles/CMakeTmp/CheckSymbolExists.c:
/* */
#include <pthread.h>

int main(int argc, char** argv)
{
  (void)argv;
#ifndef pthread_create
  return ((int*)(&pthread_create))[argc];
#else
  (void)argc;
  return 0;
#endif
}

Determining if the function pthread_create exists in the pthreads failed with the following output:
Change Dir: /home/csci545/lab2-team14-whatever-master/catkin_ws/build/usc545mcl/CMakeFiles/CMakeTmp

Run Build Command:"/usr/bin/make" "cmTC_63788/fast"
/usr/bin/make -f CMakeFiles/cmTC_63788.dir/build.make CMakeFiles/cmTC_63788.dir/build
make[1]: Entering directory '/home/csci545/lab2-team14-whatever-master/catkin_ws/build/usc545mcl/CMakeFiles/CMakeTmp'
Building C object CMakeFiles/cmTC_63788.dir/CheckFunctionExists.c.o
/usr/bin/cc    -DCHECK_FUNCTION_EXISTS=pthread_create   -o CMakeFiles/cmTC_63788.dir/CheckFunctionExists.c.o   -c /usr/share/cmake-3.5/Modules/CheckFunctionExists.c
Linking C executable cmTC_63788
/usr/bin/cmake -E cmake_link_script CMakeFiles/cmTC_63788.dir/link.txt --verbose=1
/usr/bin/cc   -DCHECK_FUNCTION_EXISTS=pthread_create    CMakeFiles/cmTC_63788.dir/CheckFunctionExists.c.o  -o cmTC_63788 -rdynamic -lpthreads 
/usr/bin/ld: cannot find -lpthreads
collect2: error: ld returned 1 exit status
CMakeFiles/cmTC_63788.dir/build.make:97: recipe for target 'cmTC_63788' failed
make[1]: *** [cmTC_63788] Error 1
make[1]: Leaving directory '/home/csci545/lab2-team14-whatever-master/catkin_ws/build/usc545mcl/CMakeFiles/CMakeTmp'
Makefile:126: recipe for target 'cmTC_63788/fast' failed
make: *** [cmTC_63788/fast] Error 2


